nohup: ignoring input
Found 1009 orgs to process (skipping 103 already done)
  [1/1009] Skipped KinderVision for Families
  [2/1009] Skipped Dunmire Hollow Community
  [3/1009] Skipped Skunk Hollow Commons
  [4/1009] Skipped Mount Madonna Center
  [5/1009] Skipped Kibboutz Akiva
  [6/1009] Skipped Duncan Cohousing
  [7/1009] Skipped Skogen Bosque "The Forest Forest"
  [8/1009] Skipped MOSAIC Tribe
  [9/1009] Skipped Country Gardens
  [10/1009] Skipped Keveral Farm
  [11/1009] Skipped Du•ma
  [12/1009] Skipped Skagit Commons (aka Skagit Cohousing)
  [13/1009] Skipped Moralland Madagascar
  [14/1009] Skipped Ka Māla Kokoleka o ke Kaikamahine
  [15/1009] Skipped Dragonfly Community
  [16/1009] Skipped Singularity Insitute
  [17/1009] Skipped Moora Moora Cooperative Community
  [18/1009] Skipped Julian Woods Community
  [19/1009] Skipped Dew Drop Hill community ranch
  [20/1009] Skipped Clean-air eBike ecoHorta
  [21/1009] Skipped Sherburn Tiny Homes
  [22/1009] Skipped Moonrise Meadow Collective
  [23/1009] Skipped Jewel of the Sun (La Joya del Sol)
  [24/1009] Skipped Depoe Bay Mini Co-Housing Proposal
  [25/1009] Skipped Shannon Farm Community
  [26/1009] Skipped Mooncat
  [27/1009] Skipped Common Ground Community in Belize
  [28/1009] Skipped It Takes a Village
  [29/1009] Skipped Delray Beach Care Circle for Aging In Place
  [30/1009] Skipped Shambhala Collective and Permaculture Educational 
  [31/1009] Skipped Monterey Cohousing
  [32/1009] Skipped Iron Water Collective
  [33/1009] Skipped Deepstep Collective
  [34/1009] Skipped Serenity Cabin
  [35/1009] Skipped MONTELIBERO
  [36/1009] Skipped Common Ground Community
  [37/1009] Skipped Community of the Franciscan Way
  [38/1009] Skipped Irish House
  [39/1009] Skipped Deep Adaptation
  [40/1009] Skipped Serenity
  [41/1009] Skipped Monkton Wyld Court
  [42/1009] Skipped International Welcome Center Co-Housing Hub
  [43/1009] Skipped Deck Family Farm
  [44/1009] Skipped Serene Light Gardens
  [45/1009] Skipped Monan's Rill
  [46/1009] Skipped Intentional Regenerative Agriculture Community - S
  [47/1009] Skipped Daviterra
  [48/1009] Skipped Science Village
  [49/1009] Skipped Monadnock Pastures
  [50/1009] Skipped Intentional Community - Alaska
  [51/1009] Skipped Darvell Bruderhof Community
  [52/1009] Skipped Savanna Hermitage
  [53/1009] Skipped Coop Village Foundation
  [54/1009] Skipped Mobile Community Meditation and Retreat Center aka
  [55/1009] Skipped Intentional Communities Desk (ICD)
  [56/1009] Skipped Danthonia Bruderhof Community
  [57/1009] Skipped Saturn
  [58/1009] Skipped Moa
  [59/1009] Skipped Cool Creek Cooperative Neighborhood
  [60/1009] Skipped Inlandia
  [61/1009] Skipped Santa Cruz Owner Occupied Co-Housing
  [62/1009] Skipped Milwaukee Collective Housing
  [63/1009] Skipped Dandelion Commons
  [64/1009] Skipped Infinite Abundance Ministries (IAM)
  [65/1009] Skipped Saloompt Co-Housing
  [66/1009] Skipped Midwest
  [67/1009] Skipped Dancing Waters Permaculture Co-op
  [68/1009] Skipped Indigene Community
  [69/1009] Skipped Saint Martin's Village
  [70/1009] Skipped metasofa artists community
  [71/1009] Skipped Dancing Spirits
  [72/1009] Skipped In Her Self
  [73/1009] Skipped Sage Valley Ecovillage
  [74/1009] Skipped Messianic Koinonia
  [75/1009] Skipped Dancing Bones
  [76/1009] Skipped Cite Ecologique of New Hampshire
  [77/1009] Skipped Imladris
  [78/1009] Skipped Sadhana Forest
  [79/1009] Skipped Maxwelton Creek Cohousing
  [80/1009] Skipped Cross Lake Estates
  [81/1009] Skipped IdealCity
  [82/1009] Skipped Sacred Groves
  [83/1009] Skipped Mas Aural
  [84/1009] Skipped Coyote-Hills / Tribe Life Palouse Sustainable Livi
  [85/1009] Skipped IC Harmony
  [86/1009] Skipped Rubha Phoil
  [87/1009] Skipped Marenal
  [88/1009] Skipped Cowboy Village
  [89/1009] Skipped IC Changsha China
  [90/1009] Skipped Rosewater Ranch Eco-Village
  [91/1009] Skipped MAPLE - Monastic Academy for the Preservation of L
  [92/1009] Skipped Ibsgården
  [93/1009] Skipped Covid-Safe Community
  [94/1009] Skipped Rootstock Retreat
  [95/1009] Skipped Mannawood Community Land Trust
  [96/1009] Skipped Dandelion Hearth Farm
  [97/1009] Skipped Homewood Haven
  [98/1009] Skipped Roots of Love
  [99/1009] Skipped Maleny Eco Villlage
  [100/1009] Skipped Home
  [101/1009] Skipped Courtenay Cohousing (interim name)
  [102/1009] Skipped Rooted Northwest
  [103/1009] Skipped Malamaki Farm Cooperative
  [104/1009] Skipped Holzlandgemeinschaft
  [105/1009] Skipped RomolenBEEK
  [106/1009] Skipped Makarioi Catholic Worker Farm and Eco-Village
  [107/1009] Skipped Hofkollektiv Zwetschke
  [108/1009] Skipped Rock Ridge Community, Inc
  [109/1009] Skipped Mahadevi Ayahuasca Retreats
  [110/1009] Skipped Hodgepodge Co-Living House
  [111/1009] Skipped Rochdale Cooperative
  [112/1009] Skipped Magic
  [113/1009] Skipped Hiwassee Bruderhof Community
  [114/1009] Skipped Robin's Nest Cohousing
  [115/1009] Skipped LunaGaia Nomadic Village
  [116/1009] Skipped Hippie
  [117/1009] Skipped Rivers Edge
  [118/1009] Skipped Luminous Bahia
  [119/1009] Skipped Higher Ground Cohousing
  [120/1009] Skipped RiverFolk Community
  [121/1009] Skipped Lumicon
  [122/1009] Skipped High desert, permaculture dryland farm &amp; stewa
  [123/1009] Skipped Rio Grande Refuge
  [124/1009] Skipped Lothlorien Farm (Lothlorien Rural Co-op)
  [125/1009] Skipped Hickory Ridge
  [126/1009] Skipped Rhubarb House
  [127/1009] Skipped Lost Valley Educational Center
  [128/1009] Skipped Herzfeld Sennrueti
  [129/1009] Skipped Cohousing Vinderhoute
  [130/1009] Skipped Renaissance Farms
  [131/1009] Skipped Lost Lake Cohousing
  [132/1009] Skipped Heirloom East Bay
  [133/1009] Skipped Regenerative Cooperative of Pomona (Regen)
  [134/1009] Skipped Lockheart Cooperative
  [135/1009] Skipped Heartwood Commons - Tulsa
  [136/1009] Skipped Cohousing Vila Puri
  [137/1009] Skipped Refikler Commune
  [138/1009] Skipped Loch Arthur Camphill Community
  [139/1009] Skipped Heartwood Cohousing
  [140/1009] Skipped Redwood City Co-Op: "Le Chateau McMansion"
  [141/1009] Skipped Living Tree Cohousing
  [142/1009] Skipped Heartland Domestic Acerage
  [143/1009] Skipped Red Star Farm
  [144/1009] Skipped LIving Land Community
  [145/1009] Skipped Hearthfire Farm
  [146/1009] Skipped Rancho Danita
  [147/1009] Skipped Living Eden Collective
  [148/1009] Skipped Heart Land
  [149/1009] Skipped Rainforest Commons
  [150/1009] Skipped Liuramae
  [151/1009] Skipped Heart 2 Heart Farms
  [152/1009] Skipped Rainbow Koala Farm
  [153/1009] Skipped Little River Tenancy in Common
  [154/1009] Skipped Healthy Gardens
  [155/1009] Skipped Rainbow Bridge Hawaii
  [156/1009] Skipped Litibu EcoVillage
  [157/1009] Skipped Healing Hearth Cooperative
  [158/1009] Skipped Rah Rah Village
  [159/1009] Skipped Lightfarm
  [160/1009] Skipped Hawkins commune
  [161/1009] Skipped Quinta Travancinha (QT Ecovillage)
  [162/1009] Skipped Light of True Liberty
  [163/1009] Skipped Havn Hill
  [164/1009] Skipped Queercus
  [165/1009] Skipped Lifeboat
  [166/1009] Skipped Harmony Woods Homesteading &amp; Freedom Community
  [167/1009] Skipped Quayside Village Cohousing
  [168/1009] Skipped Life Pods
  [169/1009] Skipped Harmony Commune
  [170/1009] Skipped Qualia Tulum Jungle Resilience Project
  [171/1009] Skipped Lega Vera
  [172/1009] Skipped Harbourside Cohousing
  [173/1009] Skipped Quaker Settlement
  [174/1009] Skipped LEE CAN DO! COMMUNITY ABUNDANCE NETWORK
  [175/1009] Skipped Hapori Eco Aldea
  [176/1009] Skipped Quaker Intentional Village-Canaan
  [177/1009] Skipped Laser Heights
  [178/1009] Skipped Hamden Cooperative Forest Farm
  [179/1009] Skipped Putney Commons
  [180/1009] Skipped Las Liridas Temple Sanctuary
  [181/1009] Skipped Hamakua Sunrise Village
  [182/1009] Skipped Primula Hirsuta Community
  [183/1009] Skipped Land of Promise Ecovilla
  [184/1009] Skipped Halfmoon Ecovillage
  [185/1009] Skipped Primitive ways Lapland
  [186/1009] Skipped Lampa  Mountain Community
  [187/1009] Skipped GroundShare Co-ops Redding, California
  [188/1009] Skipped Praise Valley Commons
  [189/1009] Skipped Labishire Homestead Commons
  [190/1009] Skipped Greening Life Community
  [191/1009] Skipped Prairie Sky Cohousing Cooperative
  [192/1009] Skipped La Smala
  [193/1009] Skipped Greenbush Growing Cooperative
  [194/1009] Skipped Prairie Hill/ Iowa City Cohousing
  [195/1009] Skipped L'Antica Torre
  [196/1009] Skipped Greenbriar
  [197/1009] Skipped Power Healers Intentional Community
  [198/1009] Skipped Kyra Polyfidelity Community
  [199/1009] Skipped Green's Organic Agrihood/Ecovillage
  [200/1009] Skipped Póvoa Dão -Central Portugal
  [201/1009] Skipped Kulana Goddess Sanctuary
  [202/1009] Skipped Green Community for Peace and sustainability
  [203/1009] Skipped Poplar Place
  [204/1009] Skipped Koto Co-op Auroora
  [205/1009] Skipped Great Oak Cohousing
  [206/1009] Skipped Polestar Village
  [207/1009] Skipped Komaja
  [208/1009] Skipped Gratitude Village Colorado
  [209/1009] Skipped Plowshare Farm
  [210/1009] Skipped Koinonia Farm, Inc.
  [211/1009] Skipped Grateful Heart Garden
  [212/1009] Skipped Conscious Culture Cooperative
  [213/1009] Skipped Platte Clove Bruderhof Community
  [214/1009] Skipped Kirra Ecovillage Community
  [215/1009] Skipped Graham Downs Community Farm
  [216/1009] Skipped Philadelphia Community Farm, Inc.
  [217/1009] Skipped Kirin
  [218/1009] Skipped GrafenAuenland
  [219/1009] Skipped Peshtigo River Center - Wellness Intentional Commu
  [220/1009] Skipped Kingdom Of Yeshua
  [221/1009] Skipped Grace Life Community Association
  [222/1009] Skipped PEICH - Prince Edward Island CoHouse
  [223/1009] Skipped Kindred Spirits
  [224/1009] Skipped Goodenough Community
  [225/1009] Skipped Peaceful Play Clothing-Optional Ecovillage
  [226/1009] Skipped Good Life Community
  [227/1009] Skipped Peace on the hill
  [228/1009] Skipped Coho Canyon
  [229/1009] Skipped Golden Greens
  [230/1009] Skipped Tranquilo House
  [231/1009] Skipped Paw Paw Place
  [232/1009] Skipped Gold Bear Ranch
  [233/1009] Skipped Top of the World
  [234/1009] Skipped Pathways CoHousing
  [235/1009] Skipped Germantown Commons
  [236/1009] Skipped Toiora Cohousing
  [237/1009] Skipped Patagonia farms
  [238/1009] Skipped George Family Estates
  [239/1009] Skipped Together
  [240/1009] Skipped Parkview Bruderhof
  [241/1009] Skipped Gainesville Cohousing
  [242/1009] Skipped TKi Land
  [243/1009] Skipped Paradise East Cohousing
  [244/1009] Skipped Gaia Grid
  [245/1009] Skipped Tierra Nueva Cohousing
  [246/1009] Skipped Pacifica
  [247/1009] Skipped Frog Acres - Inactive
  [248/1009] Skipped This Is Us TX
  [249/1009] Skipped P4elka
  [250/1009] Skipped Friends Southwest Center
  [251/1009] Skipped The Vale
  [252/1009] Skipped Ozark Mountain Community Homesteads and Educationa
  [253/1009] Skipped Fregate commune hippie
  [254/1009] Skipped The Rose Colored Forest
  [255/1009] Skipped Owls Nest
  [256/1009] Skipped Freedom Village
  [257/1009] Skipped The Other Realm
  [258/1009] Skipped Our Strowler Project
  [259/1009] Skipped Freedom
  [260/1009] Skipped Cosmic Witches Community - We Supercharge The Chao
  [261/1009] Skipped The Organization, Forming Community.
  [262/1009] Skipped OUR Ecovillage
  [263/1009] Skipped Fox Run NH
  [264/1009] Skipped The Open Circle Conscious Community
  [265/1009] Skipped Organic Tribe Foundation
  [266/1009] Skipped Coquitlam Cohousing
  [267/1009] Skipped Fox Hill Bruderhof Community
  [268/1009] Skipped The Nadir Community
  [269/1009] Skipped Orchard of the Spirit
  [270/1009] Skipped ForestKind
  [271/1009] Skipped The Mount Bruderhof Community
  [272/1009] Skipped Oran Mor Community
  [273/1009] Skipped Forested
  [274/1009] Skipped The Metahive Project
  [275/1009] Skipped Open Circle
  [276/1009] Skipped Forest Ridge Community
  [277/1009] Skipped The Love Plan
  [278/1009] Skipped ONE Homestead Intentional Community
  [279/1009] Skipped Forest Glen at Highland Lake
  [280/1009] Skipped The Lifeboat
  [281/1009] Skipped Churning Rapids Community
  [282/1009] Skipped Flying Bobcat Honey Ranch
  [283/1009] Skipped The Lavra
  [284/1009] Skipped Olive Juice Community
  [285/1009] Skipped Floyd Family Farms
  [286/1009] Skipped The Jubilee
  [287/1009] Skipped Olamina Commons
  [288/1009] Skipped Flamingo Ridge Collective
  [289/1009] Skipped The Hivern
  [290/1009] Skipped Off-Grid Sustainable Community
  [291/1009] Skipped COEXIST Community
  [292/1009] Skipped Flagstaff Cohousing
  [293/1009] Skipped The Hermitage, a Harmonist community
  [294/1009] Skipped Off Grid North 615
  [295/1009] Skipped Fireweed
  [296/1009] Skipped The Heart Center Sanctuary
  [297/1009] Skipped Oconuco Zuimaco
  [298/1009] Skipped Findhorn Foundation + Ecovillage
  [299/1009] Skipped The Hammer Housing Collective
  [300/1009] Skipped Oblate Community of St Paul - IOCU
  [301/1009] Skipped Finca Sylvatica
  [302/1009] Skipped The Gurfateh Project
  [303/1009] Skipped Oasis Gardens & Learning Center
  [304/1009] Skipped Finca Del Soul Ecuador * Fully occupied at the mom
  [305/1009] Skipped The Establishment
  [306/1009] Skipped Oakwood Center
  [307/1009] Skipped Fiddlehead Commons
  [308/1009] Skipped The Essence
  [309/1009] Skipped Oakcreek Community--Stillwater Oklahoma
  [310/1009] Skipped Fellowship of the Great Attractor
  [311/1009] Skipped The Eden Project
  [312/1009] Skipped Oak Park Commons Cohousing
  [313/1009] Skipped Familia Feliz (ESP1)
  [314/1009] Skipped Cobb Hill Cohousing
  [315/1009] Skipped The Coastal Village
  [316/1009] Skipped Nymboida Yoga Retreat (UOCA)
  [317/1009] Skipped Evolution Ecovillage
  [318/1009] Skipped The Camphill School
  [319/1009] Skipped Nyland
  [320/1009] Skipped Etherion Ringing Cedars Intentional Community
  [321/1009] Skipped The Butterfly Cabin Collective
  [322/1009] Skipped Nusato
  [323/1009] Skipped Ethereal Gardens
  [324/1009] Skipped The Big Moist Spaghetti Ranch
  [325/1009] Skipped Nubanusit Neighborhood &amp; Farm
  [326/1009] Skipped Estate of Mind
  [327/1009] Skipped North Mountain Community VA
  [328/1009] Skipped Enright Ridge Urban Ecovillage
  [329/1009] Skipped Th Seminary
  [330/1009] Skipped North Hills Shared Living
  [331/1009] Skipped Encanto Spring
  [332/1009] Skipped Terratech
  [333/1009] Skipped Nomadic Earthling Fellowship
  [334/1009] Skipped Emerald Grove Intentional Community
  [335/1009] Skipped Terranima
  [336/1009] Skipped Nodar Collective
  [337/1009] Skipped Emberi
  [338/1009] Skipped Tenerife Together
  [339/1009] Skipped Noble Tara Tantric Village
  [340/1009] Skipped Eloin
  [341/1009] Skipped Temple Mountain Permaculture
  [342/1009] Skipped Nickel City Housing Cooperative
  [343/1009] Skipped Ekawa Bamboo Village
  [344/1009] Skipped Tel Keshet
  [345/1009] Skipped Next Evolution Community
  [346/1009] Skipped Edges
  [347/1009] Skipped CoHousing Houston
  [348/1009] Skipped TBD Community Living In Kingston Ontario Area
  [349/1009] Skipped Newark Area Cohousing - Delaware
  [350/1009] Skipped Eden Plan
  [351/1009] Skipped Tatties Ranch Two
  [352/1009] Skipped New Thought Spiritual Community
  [353/1009] Skipped Ecovillage Sol
  [354/1009] Skipped CoHo Ecovillage
  [355/1009] Skipped Tasman Ecovillage
  [356/1009] Skipped New Meadow Run Bruderhof Community
  [357/1009] Skipped Ecovillage New Jersey
  [358/1009] Skipped Tamera - Healing Biotope 1
  [359/1009] Skipped New Maine Off Grid Homesteading Community
  [360/1009] Skipped Ecovilla Gaia
  [361/1009] Skipped Tamarack Knoll Community
  [362/1009] Skipped New Home (tentatively - working name)
  [363/1009] Skipped EcoReality Co-op
  [364/1009] Skipped Takaka Cohousing
  [365/1009] Skipped New Eden
  [366/1009] Skipped Ecogranja Wiphala
  [367/1009] Skipped Synchronicity Agriforestry Center
  [368/1009] Skipped New Earth Community
  [369/1009] Skipped ecofarmfl
  [370/1009] Skipped Sylvan Oasis
  [371/1009] Skipped never give up
  [372/1009] Skipped Eco-living Finca la Palmera
  [373/1009] Skipped Sydney Urban Eco-Village
  [374/1009] Skipped Nest - New Earth Sanctuary
  [375/1009] Skipped Upper Langley
  [376/1009] Skipped Eco Village StL
  [377/1009] Skipped Swamp Dog Hobble
  [378/1009] Skipped NATURALMENTE  -  Holistic Living
  [379/1009] Skipped Unity
  [380/1009] Skipped Echoes in the Valley
  [381/1009] Skipped Comunidade Cohousing Bem Viver
  [382/1009] Skipped Sunnyside Village
  [383/1009] Skipped Natural Behavior Permaculture Project
  [384/1009] Skipped unfolding
  [385/1009] Skipped Eastern Village Cohousing
  [386/1009] Skipped Strawberry Fields Farm
  [387/1009] Skipped Narara Ecovillage
  [388/1009] Skipped East-of-Eden [Nature Preserve-Ecovillage-Campus fo
  [389/1009] Skipped Stowe Farm Community
  [390/1009] Skipped Nanku Ecovillage  Costa Rica
  [391/1009] Skipped Twin Ponds
  [392/1009] Skipped East Ventura Ecovillage
  [393/1009] Skipped Stone Garden Farm &amp; Village
  [394/1009] Skipped Namjai Village
  [395/1009] Skipped Truly Natural
  [396/1009] Skipped East Vancouver Cohousing
  [397/1009] Skipped Stelle Community Association
  [398/1009] Skipped Namaste Village
  [399/1009] Skipped Triple Green Jade Farm Cooperative
  [400/1009] Skipped East on West
  [401/1009] Skipped State Of Grace Community
  [402/1009] Skipped Mystic Valley Co-living
  [403/1009] Skipped Common Unity
  [404/1009] Skipped Eashira Village
  [405/1009] Skipped Trinity saints
  [406/1009] Skipped Spiritual-Mindfulness-Transpersonal Center for Hea
  [407/1009] Skipped Myanmar Commune
  [408/1009] Skipped Tranqvillium
  [409/1009] Skipped EarthWaking Village - Platanillo
  [410/1009] Skipped Common Place Land Trust Cooperative
  [411/1009] Skipped Spiritual Fellowship
  [412/1009] Skipped My World Better
  [413/1009] Skipped Earthspeed
  [414/1009] Skipped Southern Life
  [415/1009] Skipped Muslim Village
  [416/1009] Skipped Earthseed Ecovillage
  [417/1009] Skipped Soulstead Sanctuary
  [418/1009] Skipped Mundo Alto
  [419/1009] Skipped Earthen Grove Ecovillage
  [420/1009] Skipped Soul Fire Forest
  [421/1009] Skipped Multi- Family Homestead
  [422/1009] Skipped Earth’s Circle Org. Healing Center
  [423/1009] Skipped SOMOS
  [424/1009] Skipped Muir Commons
  [425/1009] Skipped Earth Rising Sanctuary
  [426/1009] Skipped MudMuse Community
  [427/1009] Skipped Solarpunk Farm
  [428/1009] Skipped Earth Abides
  [429/1009] Skipped Mountains and Waters Alliance
  [430/1009] Skipped Socialistic Eco Village
  [431/1009] Enriched Utsikten Ecovillage (2021 chars)
  [432/1009] Skipped Valverde Commons
  [433/1009] Skipped Verde Vivas - Location TBD
  [434/1009] Skipped Via Lactea Sanctuary
  [435/1009] Skipped Villa Primavera Bruderhof Community
  [436/1009] Skipped Village Hill Cohousing
  [437/1009] Skipped Village Seed
  [438/1009] Skipped Voyage Maps, App
  [439/1009] Skipped Wahi Maemae a Kaulike (Kadag Lundrup Ling)
  [440/1009] Skipped Walden Somogy
  [441/1009] Skipped Welcome Home
  [442/1009] Skipped Westchester Clubhouse for the Arts
  [443/1009] Skipped Western ME Homestead/Prepper Group
  [444/1009] Enriched The ARK (2009 chars)
  [445/1009] Skipped Wholesome Alchemy
  [446/1009] Skipped Wholesome Alignment
  [447/1009] Skipped Wild Seeds Ranch
  [448/1009] Enriched Valley Oaks Village (956 chars)
  [449/1009] Skipped Wildfern Grove
  [450/1009] Skipped Windrose House
  [451/1009] Skipped Wiscoy Valley Community Land Cooperative
  [452/1009] Skipped Wits End Cooperative
  [453/1009] Skipped Wolf Creek Lodge
  [454/1009] Skipped Wonder Forest Village
  [455/1009] Skipped Woodfolk House
  [456/1009] Skipped Wormwood
  [457/1009] Skipped Yacca Creeks Pty Ltd
  [458/1009] Skipped Zamukia Ecovillage
  [459/1009] Skipped Zephyr Creek Crossing
  [460/1009] Enriched Two Echo Cohousing (2020 chars)
  [461/1009] Enriched One Community (2015 chars)
  [462/1009] Enriched Wheaton Labs (2014 chars)
  [463/1009] Enriched Wilderland (2012 chars)
  [464/1009] Enriched Anthillhacks (662 chars)
  [465/1009] Enriched Betaworks (628 chars)
  [466/1009] Enriched Arcosanti (2000 chars)
  [467/1009] Enriched Bay Area Makerfarm (2000 chars)
  [468/1009] Enriched Essencia (2000 chars)
  [469/1009] Enriched Akasha Hub (2000 chars)
  [470/1009] Enriched Feytopia (2000 chars)
  [471/1009] Enriched FractalNYC (2000 chars)
  [472/1009] Enriched Fidget Camp (2000 chars)
  [473/1009] Enriched HF0 (210 chars)
  [474/1009] Enriched Chateau Chapiteau (2000 chars)
  [475/1009] Enriched Austin Farm Sanctuary (2000 chars)
  [476/1009] Enriched Future Thinkers (2000 chars)
  [477/1009] Enriched Gray Area (2000 chars)
  [478/1009] Enriched Lost Valley (2000 chars)
  [479/1009] Enriched Hawaiian Sanctuary (2000 chars)
  [480/1009] Enriched Lama Foundation (2000 chars)
  [481/1009] Enriched L'Arbre qui Pousse (2000 chars)
  [482/1009] Enriched Mars College (2000 chars)
  [483/1009] Skipped OBJEKT4000
  [484/1009] Enriched NYC Resistor (2000 chars)
  [485/1009] Enriched Moonwater Farm (2000 chars)
  [486/1009] Enriched Protopian Convergence (142 chars)
  [487/1009] Enriched Pacha Mama (2000 chars)
  [488/1009] Enriched MolinoLab (2000 chars)
  [489/1009] Enriched Sende (2000 chars)
  [490/1009] Enriched School of Life (2000 chars)
  [491/1009] Enriched Santa Luca Eco Lodge (2000 chars)
  [492/1009] Enriched Rancho Mastatal (2000 chars)
  [493/1009] Enriched Silverto (2000 chars)
  [494/1009] Enriched Sudoroom (2000 chars)
  [495/1009] Enriched Sirius Community (2000 chars)
  [496/1009] Enriched Wildseeds Ranch (2000 chars)
  [497/1009] Skipped Wir Bauen Zukunft
  [498/1009] Enriched Yestermorrow (2000 chars)
  [499/1009] Enriched Sundari Gardens (2000 chars)
  [500/1009] Enriched Solarpunk Farms (388 chars)
  [501/1009] Enriched Cambia (2000 chars)
  [502/1009] Enriched Cristaland - Peaceful Kingdom (2000 chars)
  [503/1009] Enriched Eco Adventure Org (2000 chars)
  [504/1009] Enriched Gemeinschaft Sulzbrunn (2000 chars)
  [505/1009] Enriched Grow Heathrow (2000 chars)
  [506/1009] Skipped Kuckucksmühle
  [507/1009] Enriched Khula Dharma Eco Village (2000 chars)
  [508/1009] Enriched LebensGut Cobstädt (983 chars)
  [509/1009] Enriched SOSSamothraki (2000 chars)
  [510/1009] Enriched Ängsbacka (2000 chars)
  [511/1009] Skipped Surya Kiran Ashram
  [512/1009] Enriched Lifechanyuan International Family Thailand Branch (2000 chars)
  [513/1009] Enriched ACUDAB ECO VILLAGE (2000 chars)
  [514/1009] Enriched Aurora Community (2000 chars)
  [515/1009] Enriched NeoTribe Gurukulam (2000 chars)
  [516/1009] Enriched ALMA Ecovillage (2000 chars)
  [517/1009] Enriched Abundance Ecovillage (2000 chars)
  [518/1009] Skipped African Youth Initiative on Climate
  [519/1009] Enriched Tribodar (2000 chars)
  [520/1009] Enriched Aldea de Olla (2000 chars)
  [521/1009] Enriched African Peace Village (2000 chars)
  [522/1009] Skipped Alaya Ecolodge
  [523/1009] Skipped Almarte
  [524/1009] Skipped Aderema by Oluokos - Smile With Nature
  [525/1009] Skipped Amriti Ecovillage
  [526/1009] Enriched BEND Eco-Neighbourhood (1850 chars)
  [527/1009] Enriched Bioaldeia Arawikay (2000 chars)
  [528/1009] Enriched Arca Verde (2000 chars)
  [529/1009] Skipped Ananda Valley
  [530/1009] Enriched Bodhi Farms (2000 chars)
  [531/1009] Enriched Bomigo Island - Ecovillage Transition Project (2000 chars)
  [532/1009] Skipped Bosque Fluir
  [533/1009] Skipped Aldeas de Paz
  [534/1009] Enriched Braziers Park (2000 chars)
  [535/1009] Enriched COLEGIO JOHANNES KEPLER (2000 chars)
  [536/1009] Skipped Catfarm
  [537/1009] Skipped Biosphere Foundation
  [538/1009] Enriched Boodaville (2000 chars)
  [539/1009] Skipped Comunità rigenerative
  [540/1009] Skipped Children Development Program
  [541/1009] Enriched Claytor Nature Study Center (2000 chars)
  [542/1009] Enriched Cantón Arenillas-desarrollo sostenible (2000 chars)
  [543/1009] Enriched Coastal Roots Farm (2000 chars)
  [544/1009] Skipped Consejo de Visiones Guardianes de la Tierra Mexico
  [545/1009] Skipped Dankunku Ecovillage Project The Gambia
  [546/1009] Skipped Earth Deeds
  [547/1009] Enriched Crystal Waters (2000 chars)
  [548/1009] Enriched Dana Village holistic eco village in Japan (2000 chars)
  [549/1009] Enriched DES Development and Empowerment Society , Kakuma R (2000 chars)
  [550/1009] Enriched Earthen Heart (2000 chars)
  [551/1009] Skipped Eco-village in Montana, U.S.A
  [552/1009] Enriched Ecoaldea Espiral De Luz (2000 chars)
  [553/1009] Skipped Ecoaldea Mi Tribu
  [554/1009] Enriched Ecovila da Montanha (2000 chars)
  [555/1009] Enriched Ecovilab - Ecovillage Laboratory (2000 chars)
  [556/1009] Skipped Damanhur Federation
  [557/1009] Enriched EcoGreen Betare for Community reliance (2000 chars)
  [558/1009] Enriched Ecovillage in Olympos Antalya Turkey (2000 chars)
  [559/1009] Skipped Erigiendo Dipam
  [560/1009] Enriched Fantasy Farm (2000 chars)
  [561/1009] Skipped Eco Caminhos
  [562/1009] Skipped Fundación Durika
  [563/1009] Enriched Ferme de la Chaux, Goshen (1168 chars)
  [564/1009] Enriched Ecovila Santa Margarida (2000 chars)
  [565/1009] Enriched Fundacion Escuela Sintana y Tierra Negra (2000 chars)
  [566/1009] Enriched Ganas Community (2000 chars)
  [567/1009] Skipped Folleterre Faerie Sanctuary
  [568/1009] Enriched GROW BIOINTENSIVE CENTRE KENYA (2000 chars)
  [569/1009] Enriched Ghana Permaculture Institute (2000 chars)
  [570/1009] Enriched Global Tribe Biodynamic Eco-village (2000 chars)
  [571/1009] Enriched Gesundheit! Institute (2000 chars)
  [572/1009] Skipped Gaia Terra
  [573/1009] Skipped Futures Growing Together
  [574/1009] Enriched Guede Chantier (2000 chars)
  [575/1009] Skipped Green Valley EcoVillage
  [576/1009] Skipped Gut Alaune
  [577/1009] Enriched Guarda Rios Ecovillage (2000 chars)
  [578/1009] Enriched Hawaiian Sanctuary Retreat Center (2000 chars)
  [579/1009] Enriched Hearth & Soul Eco Farm (2000 chars)
  [580/1009] Skipped Hundredfold Farm
  [581/1009] Skipped Holy Land Trust
  [582/1009] Skipped India One Solar Thermal Power Plant
  [583/1009] Skipped Infinite Stillness Farm and Retreat
  [584/1009] Skipped KITA
  [585/1009] Skipped IDEAL Society
  [586/1009] Enriched Huertos Urbanos de Costa Rica (2000 chars)
  [587/1009] Enriched Kailash Ecovillage (2000 chars)
  [588/1009] Enriched InanItah (2000 chars)
  [589/1009] Skipped Kibbutz Gezer
  [590/1009] Skipped Kibbutz Lotan
  [591/1009] Skipped Kaisdhar - KU Learning Centre
  [592/1009] Skipped Kuthumba Ecovillage
  [593/1009] Skipped La Bolina
  [594/1009] Enriched Hvideland (2000 chars)
  [595/1009] Enriched KNIDIA Eco-Farm (2000 chars)
  [596/1009] Skipped Kalikalos Holistic Education Centre
  [597/1009] Skipped La Espiral
  [598/1009] Enriched LebensGut Miteinander (2000 chars)
  [599/1009] Skipped Lifechanyuan International Family Society (Thailan
  [600/1009] Skipped Lifechanyuan Thailand Home
  [601/1009] Skipped M.L Jallow Ecovillage ,The Gambia
  [602/1009] Enriched Les Passerelles (2000 chars)
  [603/1009] Skipped Maia Earth Village
  [604/1009] Enriched Les 4 Sources (2000 chars)
  [605/1009] Enriched Mama Roja (2000 chars)
  [606/1009] Enriched Las Cañadas Bosque de Niebla (2000 chars)
  [607/1009] Skipped Middle Earth Biodynamic Village
  [608/1009] Enriched Madhyasth Darshan - Jeevan Vidya (2000 chars)
  [609/1009] Enriched Medicina Costa Rica (1575 chars)
  [610/1009] Enriched Molinos Verdes de Moringa (2000 chars)
  [611/1009] Skipped New Oasis for Life Commune
  [612/1009] Skipped Kingdom of Yeshar-el
  [613/1009] Skipped Noordeland
  [614/1009] Enriched O2 Dom (2000 chars)
  [615/1009] Skipped OUR Ecovillage - Shawnigan Lake, British Columbia,
  [616/1009] Skipped Nannilam EcoVIllage
  [617/1009] Enriched One Island (2000 chars)
  [618/1009] Skipped Ndanifor Permaculture Eco Village
  [619/1009] Enriched Otamatea Ecovillage (2000 chars)
  [620/1009] Enriched OTEPIC (2000 chars)
  [621/1009] Skipped PachaMama
  [622/1009] Enriched Pachamama Fair Trade (2000 chars)
  [623/1009] Skipped Misriyati
  [624/1009] Enriched Podberezie (1674 chars)
  [625/1009] Skipped Omuthiya Natural Springs EcoVillage
  [626/1009] Enriched PLASTIC HOUSES, A PERMANENT SOLUTION TO PLASTIC RE (2000 chars)
  [627/1009] Skipped Paojilhuasca anncestral medicine camp
  [628/1009] Enriched Pai Seedlings Foundation (1540 chars)
  [629/1009] Enriched Proyecto esenio... (2000 chars)
  [630/1009] Skipped Pura Vida Village at Tico Time River Resort
  [631/1009] Enriched Rancho Mastatal (2000 chars)
  [632/1009] Skipped Red Colombiana de Reservas Naturales
  [633/1009] Enriched Pun Pun (2000 chars)
  [634/1009] Enriched Ramaviva (2000 chars)
  [635/1009] Skipped RareBirds Housing Co-operative
  [636/1009] Enriched ReTribe at NorthernShire (2000 chars)
  [637/1009] Skipped SFEL (Strawberry Fields Eco-Lodge)
  [638/1009] Enriched Rocky Corner Cohousing (2000 chars)
  [639/1009] Skipped Schloss Tempelhof
  [640/1009] Enriched Sawyer Hill Ecovillage (2000 chars)
  [641/1009] Enriched Rukayün (2000 chars)
  [642/1009] Skipped Schloss Tonndorf
  [643/1009] Enriched Roshni Association (2000 chars)
  [644/1009] Enriched Seeking a Passionate Co-Investor for an Eco-Cultur (2000 chars)
  [645/1009] Enriched Shangri-La (2000 chars)
  [646/1009] Skipped Skala Ecovillage
  [647/1009] Enriched Shambhala Eco-Castle (2000 chars)
  [648/1009] Enriched Smiltenei un Latvijai (2000 chars)
  [649/1009] Enriched Shiram (2000 chars)
  [650/1009] Enriched Rubha Phoil, a nature based permaculture community (2000 chars)
  [651/1009] Skipped SolarGarden
  [652/1009] Enriched Sieben Linden Ecovillage (2000 chars)
  [653/1009] Enriched Synergia Ranch (HQ of Ecotechnics) (2000 chars)
  [654/1009] Enriched Svanholm (2000 chars)
  [655/1009] Enriched The Foundry (2000 chars)
  [656/1009] Enriched Tamera (2000 chars)
  [657/1009] Enriched Szatyor Association (2000 chars)
  [658/1009] Skipped The Northern Lights NPO
  [659/1009] Enriched Thanamalwila (2000 chars)
  [660/1009] Skipped Toranam - Sustainable Development in South India
  [661/1009] Enriched Sunseed Desert Technology (2000 chars)
  [662/1009] Skipped Tribe of Likatien
  [663/1009] Skipped The Wild Cooperative
  [664/1009] Enriched The Source Farm (2000 chars)
  [665/1009] Skipped UF4D GreenLab Ecovillage
  [666/1009] Skipped Utopia vida autossuficiente.
  [667/1009] Enriched The Park, Ecovillage Findhorn (2000 chars)
  [668/1009] Enriched VFS Dargeluetz (2000 chars)
  [669/1009] Skipped Uba Qynza
  [670/1009] Enriched Upland hills learning community (2000 chars)
  [671/1009] Enriched Vestigium (2000 chars)
  [672/1009] Enriched Veridian at County Farm (2000 chars)
  [673/1009] Skipped Wanakaset Network Thailand
  [674/1009] Enriched Valdepielagos (2000 chars)
  [675/1009] Enriched Verxilans (2000 chars)
  [676/1009] Enriched Villa Monte Reserve (2000 chars)
  [677/1009] Enriched White Carpathians (Vrbovce) (2000 chars)
  [678/1009] Enriched Vía Orgánica (2000 chars)
  [679/1009] Enriched ZEGG (2000 chars)
  [680/1009] Skipped Witchcliffe Ecovillage
  [681/1009] Enriched Acequia Jardin (2000 chars)
  [682/1009] Enriched A Kindred Village an affiliate of One Kin Roof (2000 chars)
  [683/1009] Enriched 8thLife Panama EcoVillage Project (2000 chars)
  [684/1009] Enriched YESD responsible tours (2000 chars)
  [685/1009] Enriched Altair EcoVillage (2000 chars)
  [686/1009] Enriched Ananda Village (2000 chars)
  [687/1009] Enriched Adams Creek Cohousing (2000 chars)
  [688/1009] Enriched Alpe Pianello (2000 chars)
  [689/1009] Enriched Audre Lorde Cooperative House (2000 chars)
  [690/1009] Enriched Arthur Morgan School (2000 chars)
  [691/1009] Skipped Birdsfoot Farm
  [692/1009] Enriched Bellvale Bruderhof Community (2000 chars)
  [693/1009] Enriched Blueberry Commons Farm Cooperative (2000 chars)
  [694/1009] Enriched Bread and Roses Collective (2000 chars)
  [695/1009] Enriched Breitenbush Hot Springs (2000 chars)
  [696/1009] Enriched Avnø Oasis ecovillage (2000 chars)
  [697/1009] Enriched Anuttara Community (2000 chars)
  [698/1009] Enriched Camphill Village Kimberton Hills (2000 chars)
  [699/1009] Enriched CIRCADIA COMMUNITY (2000 chars)
  [700/1009] Enriched Camphill Village Copake (2000 chars)
  [701/1009] Enriched Camphill Village Minnesota (2000 chars)
  [702/1009] Enriched CoDwell (1934 chars)
  [703/1009] Enriched Carmelita Gardens, Belize (2000 chars)
  [704/1009] Enriched Clear Sky Meditation and Retreat Center (2000 chars)
  [705/1009] Skipped Earth-kids Eco-Hood
  [706/1009] Enriched Collective Spaces (2000 chars)
  [707/1009] Enriched Cherry Hill Cohousing (formerly Pioneer Valley) (2000 chars)
  [708/1009] Enriched Eden Sanctuary (2000 chars)
  [709/1009] Skipped East Lake Commons CoHousing
  [710/1009] Enriched Coweeta Heritage Center/Talking Rock Farm (2000 chars)
  [711/1009] Enriched Earthdance Creative Living Project Inc. (2000 chars)/home/user/volunteer-map/backend/enrich_sitemap_descriptions.py:184: XMLParsedAsHTMLWarning: It looks like you're using an HTML parser to parse an XML document.

Assuming this really is an XML document, what you're doing might work, but you should know that using an XML parser will be more reliable. To parse this document as XML, make sure you have the Python package 'lxml' installed, and pass the keyword argument `features="xml"` into the BeautifulSoup constructor.

If you want or need to use an HTML parser on this document, you can make this warning go away by filtering it. To do that, run this code before calling the BeautifulSoup constructor:

    from bs4 import XMLParsedAsHTMLWarning
    import warnings

    warnings.filterwarnings("ignore", category=XMLParsedAsHTMLWarning)

  soup = BeautifulSoup(html, "lxml")

  [712/1009] Enriched Emerald Earth Sanctuary (2000 chars)
  [713/1009] Enriched Elderberry Cohousing Village (2000 chars)
  [714/1009] Enriched Haley House Live-In Community (2000 chars)
  [715/1009] Enriched Gaia Ashram (2000 chars)
  [716/1009] Enriched Hummingbird Transformational Living Center (2000 chars)
  [717/1009] Enriched Herron Cove Community at Weave the People Co-opera (2000 chars)
  [718/1009] Enriched Kalikalos (2000 chars)
  [719/1009] Enriched Hundredfold Farm Cohousing Community (786 chars)
  [720/1009] Enriched Coslor Cove off-grid garden-farming community (2000 chars)
  [721/1009] Skipped Let Us Free Us: Community Development Association 
  [722/1009] Enriched Kakwa Ecovillage Cooperative (2000 chars)
  [723/1009] Enriched Madison Community Cooperative (MCC) (2000 chars)
  [724/1009] Enriched IDEAL SOCIETY, Institute for the Development in Ed (2000 chars)
  [725/1009] Enriched Maitri House (2000 chars)
  [726/1009] Enriched Maple Ridge Bruderhof (2000 chars)
  [727/1009] Enriched La Poudrière (2000 chars)
  [728/1009] Enriched Las Aguas Risas - Laughing Waters Vegan Community (2000 chars)
  [729/1009] Skipped Mosaic Commons
  [730/1009] Enriched Miccosukee Land Co-op (2000 chars)
  [731/1009] Enriched New View Cohousing (2000 chars)
  [732/1009] Enriched PachaMama Eco Village (2000 chars)
  [733/1009] Enriched Morning Sun Mindfulness Center and Community (2000 chars)
  [734/1009] Enriched Morninglory (982 chars)
  [735/1009] Skipped Pinnacle Cohousing
  [736/1009] Enriched Phoenix Commons, Oakland, CA (2000 chars)
  [737/1009] Enriched Project TriStar (2000 chars)
  [738/1009] Enriched Rio del Soul (2000 chars)
  [739/1009] Enriched Red Earth Farms (201 chars)
  [740/1009] Enriched Obenaus Community (2000 chars)
  [741/1009] Enriched RiverFalls Village (2000 chars)
  [742/1009] Enriched Roberts Creek Cohousing (2000 chars)
  [743/1009] Enriched Rancho Mastatal Sustainable Education Center (2000 chars)
  [744/1009] Enriched Sandhill Farm (2000 chars)
  [745/1009] Enriched Song of the Morning (2000 chars)
  [746/1009] Enriched South Knowlesville Land Share (2000 chars)
  [747/1009] Enriched Sustainable Ecovillage (2000 chars)
  [748/1009] Enriched Silver Leaf (2000 chars)
  [749/1009] Enriched Pinakarri Community Inc (2000 chars)
  [750/1009] Enriched The Farm Community in Summertown, Tennessee (2000 chars)
  [751/1009] Enriched The Cascadia Society for Social Working (2000 chars)
  [752/1009] Enriched School of Integrated Living (SOIL) (2000 chars)
  [753/1009] Enriched The Fireplace Community (2000 chars)
  [754/1009] Enriched Tierra Nueva, Oceano (2000 chars)
  [755/1009] Enriched The Rudolf Steiner Fellowship Community (2000 chars)
  [756/1009] Enriched Touchstone Cohousing (204 chars)
  [757/1009] Enriched Tierramor (2000 chars)
  [758/1009] Enriched Treehouse Village Ecohousing (2000 chars)
  [759/1009] Enriched Triform Camphill Community (2000 chars)
  [760/1009] Enriched Village Cohousing Community (2000 chars)
  [761/1009] Enriched Vidàlia (2000 chars)
  [762/1009] Enriched Trillium Hollow Cohousing Community (2000 chars)
  [763/1009] Skipped Vivante
  [764/1009] Enriched Weaverville Cooperative for Vigorous Aging (589 chars)
  [765/1009] Enriched Washington Commons Cohousing (2000 chars)
  [766/1009] Enriched Yasodhara Ashram : Yoga Retreat and Study Centre (2000 chars)
  [767/1009] Enriched fortunity (1744 chars)
  [768/1009] Skipped ❅ Golden Rule ✯ Rainbow - Community & Demo - Farm 
  [769/1009] Enriched Zephyr Valley Community Co-op (2000 chars)
  [770/1009] Enriched Dogtown Ecovillage (1066 chars)
  [771/1009] Enriched Swan's Market Cohousing (2000 chars)
  [772/1009] Enriched Vicky's Keys in Sint Maaten - where Communal Livin (2000 chars)
  [773/1009] Enriched Durgas Tiger land (2000 chars)
  [774/1009] Enriched Fruit Haven Ecovillage (2000 chars)
  [775/1009] Enriched Aldea Feliz (2000 chars)
  [776/1009] Enriched Alternative University (2000 chars)
  [777/1009] Enriched Adivasi Academy (2000 chars)
  [778/1009] Enriched Auro University (2000 chars)
  [779/1009] Enriched As One Suzuka Community (279 chars)
  [780/1009] Enriched Adventureversity (2000 chars)
  [781/1009] Enriched Bhoomi College (2000 chars)
  [782/1009] Skipped Black Daddies Club
  [783/1009] Enriched Atowi Project (2000 chars)
  [784/1009] Enriched Cairo Institute of Liberal Arts and Sciences (CILA (2000 chars)
  [785/1009] Enriched Building a Local Economy (BALE) (2000 chars)
  [786/1009] Enriched Centro de Promocion de Sabidurias Interculturales (831 chars)
  [787/1009] Enriched Bioregional Learning Centre (2000 chars)
  [788/1009] Enriched Ananda Marga Gurukula (2000 chars)
  [789/1009] Skipped Complexity University
  [790/1009] Enriched Deer Park Institute (2000 chars)
  [791/1009] Enriched College Unbound (2000 chars)
  [792/1009] Enriched EARTH University (2000 chars)
  [793/1009] Enriched El Nido Casa Abierta (2000 chars)
  [794/1009] Enriched Caballos Formadores (2000 chars)
  [795/1009] Enriched EA Ecoversity (2000 chars)
  [796/1009] Enriched Findhorn College (2000 chars)
  [797/1009] Enriched Flagstaff College (2000 chars)
  [798/1009] Enriched Enlivened Cooperative (2000 chars)
  [799/1009] Enriched Free Home University (2000 chars)
  [800/1009] Enriched Gaia Education (2000 chars)
  [801/1009] Skipped Goddard College
  [802/1009] Enriched Fondazione Lac o Le Mon (2000 chars)
  [803/1009] Enriched Digital Empowerment Foundation (2000 chars)
  [804/1009] Enriched Gorca Earth CARE Center (2000 chars)
  [805/1009] Enriched Himalayan Institute of Alternatives Ladakh (HIAL) (2000 chars)
  [806/1009] Enriched Cooperativa Agroecologica Las Ca\u00f1adas (2000 chars)
  [807/1009] Enriched Holistic Teaching and Learning Center at Southern  (931 chars)
  [808/1009] Enriched INLAND (2000 chars)
  [809/1009] Enriched Habib University (2000 chars)
  [810/1009] Enriched Instituto Elos - Guerreiros Sem Armas (2000 chars)
  [811/1009] Enriched Inana (2000 chars)
  [812/1009] Enriched Integrated Community Based Sub-Wate (1603 chars)
  [813/1009] Enriched Instituto Superior Intercultural Ayuuk (ISIA) (2000 chars)
  [814/1009] Enriched International People's Agroecology Multiversity (2000 chars)
  [815/1009] Enriched Kanthari (2000 chars)
  [816/1009] Enriched Karachi Anti-Art University (2000 chars)
  [817/1009] Enriched Khetee-  agroecology learning center (2000 chars)
  [818/1009] Enriched Jugaad Design Academy (2000 chars)
  [819/1009] Enriched King's College (2000 chars)
  [820/1009] Enriched Keela Permaculture Farm (2000 chars)
  [821/1009] Enriched MEDUSE (915 chars)
  [822/1009] Enriched Masters of Learning (2000 chars)
  [823/1009] Enriched Monastic Academy (2000 chars)
  [824/1009] Enriched Mumbai Peoples Un-versity (2000 chars)
  [825/1009] Enriched Mukthdara Multiversity (2000 chars)
  [826/1009] Enriched MindTree Global Learning Center (2000 chars)
  [827/1009] Enriched NavGurukul (2000 chars)
  [828/1009] Enriched NuMundo (2000 chars)
  [829/1009] Enriched Northern Youth Project (2000 chars)
  [830/1009] Enriched Open Master's (2000 chars)
  [831/1009] Skipped Gaia U Latina - ERES
  [832/1009] Enriched Ndanifor Permaculture Ecovillage (2000 chars)
  [833/1009] Enriched Pedagogia de la Madre Tierra - Universidad de Anti (2000 chars)
  [834/1009] Enriched Proyecto Andino de Tecnolog\u00edas Campesinas (PR (2000 chars)
  [835/1009] Enriched Quito Institute of Liberal Arts and Sciences (QILA (2000 chars)
  [836/1009] Enriched Sachamama Center for BioCultural Regeneration (SCB (2000 chars)
  [837/1009] Enriched Reimagined Learning Community (2000 chars)
  [838/1009] Enriched Shaishav Children's University (2000 chars)
  [839/1009] Enriched Shure University (2000 chars)
  [840/1009] Enriched Puvidham Institute of Entrepreneurship and Sustain (2000 chars)
  [841/1009] Enriched Observatorio de Favelas (2000 chars)
  [842/1009] Enriched Sinal do Vale (2000 chars)
  [843/1009] Enriched Spring Academy (2000 chars)
  [844/1009] Enriched Sterling College (2000 chars)
  [845/1009] Enriched Southern Life Community (742 chars)
  [846/1009] Enriched Stowe Farm Community (2000 chars)
  [847/1009] Enriched Swadharma (2000 chars)
  [848/1009] Enriched Swaraj Jail University (2000 chars)
  [849/1009] Enriched Swaraj University (2000 chars)
  [850/1009] Enriched Tamera Peace Research \u0026 Education Center (2000 chars)
  [851/1009] Enriched The Climate Emergency Mobilization Task Force (2000 chars)
  [852/1009] Enriched The Convivial Research and Insurgent Learning (CRI (2000 chars)
  [853/1009] Enriched St. James Town Community Co-operative (2000 chars)
  [854/1009] Enriched The Dharavi Dream Project (2000 chars)
  [855/1009] Enriched The Green Business College (2000 chars)
  [856/1009] Enriched The Hummingbird Center for Common Good (2000 chars)
  [857/1009] Enriched The International Youth Initiative Program (YIP) (2000 chars)
  [858/1009] Enriched The Journey Network (2000 chars)
  [859/1009] Enriched The Mulka Project (2000 chars)
  [860/1009] Enriched The Native American Food Sovereignty Alliance (2000 chars)
  [861/1009] Enriched The Rowe Center (2000 chars)
  [862/1009] Enriched Servicios y Asesoria para la Paz (2000 chars)
  [863/1009] Enriched The Social Science Centre (2000 chars)
  [864/1009] Enriched The Soil Project (2000 chars)
  [865/1009] Enriched The School of Lost Borders (2000 chars)
  [866/1009] Enriched The Transmission School (2000 chars)
  [867/1009] Enriched Travellers University (2000 chars)
  [868/1009] Enriched Thrive Ithaca EcoVillage Education Center (2000 chars)
  [869/1009] Enriched Thorne Nature Experience (2000 chars)
  [870/1009] Enriched UniDiversidade das Kebradas (2000 chars)
  [871/1009] Enriched Universidad Campesina Indigena en Red (UCI-RED) (2000 chars)
  [872/1009] Enriched Universidad Comunal Ixhuatan (2000 chars)
  [873/1009] Enriched Universidad Popular del Ambiente (2000 chars)
  [874/1009] Enriched Universidad Revolucion (2000 chars)
  [875/1009] Enriched UnaVision Initiative (2000 chars)
  [876/1009] Enriched Vigyan Ashram (2000 chars)
  [877/1009] Enriched Weaving Earth Center for Relational Education (2000 chars)
  [878/1009] Enriched YES! (2000 chars)
  [879/1009] Enriched Wayfinding Academy (2000 chars)
  [880/1009] Enriched The Sustainability Institute and Lynedoch Eco-Vill (2000 chars)
  [881/1009] Enriched Endorser:Alliance for Food Sovereignty in Africa (1574 chars)
  [882/1009] Enriched Endorser:Health of Mother Earth Foundation (884 chars)
  [883/1009] Enriched Universidad del Medio Ambiente (UMA) (2000 chars)
  [884/1009] Enriched Endorser:Pacto Ecosocial e Intercultural del Sur (1163 chars)
  [885/1009] Enriched Endorser:Reap Goodness (900 chars)
  [886/1009] Enriched Endorser:Australian Earth Laws Alliance (1968 chars)
  [887/1009] Enriched Kurdish Movement (2000 chars)
  [888/1009] Enriched Endorser:Red Universidad y Compromiso Social (2000 chars)
  [889/1009] Enriched Society for Alternative Learning and Transformatio (2000 chars)
  [890/1009] Enriched Endorser:Civil Diplomacy Center - North and East S (2000 chars)
  [891/1009] Enriched Endorser:Wellbeing Economy Alliance (2000 chars)
  [892/1009] Enriched Endorser:Afrika Youth Movement (868 chars)
  [893/1009] Enriched Endorser:The Convivialists (949 chars)
  [894/1009] Enriched Endorser:Mέta (2000 chars)
  [895/1009] Enriched Indigenous Biocultures and Rights of Nature in Uga (2000 chars)
  [896/1009] Enriched Alrowwad Arts and Cultural Society (2000 chars)
  [897/1009] Enriched Endorser:Rising Earth News (1333 chars)
  [898/1009] Enriched Endorser:Global Alliance for the Rights of Nature (740 chars)
  [899/1009] Enriched Endorser:NOW NET (918 chars)
  [900/1009] Enriched Endorser:International Tribunal on Rights of Natur (1012 chars)
  [901/1009] Enriched Endorser:Symbiosis (2000 chars)
  [902/1009] Enriched Endorser:MINGAnet (1571 chars)
  [903/1009] Enriched Endorser:Forest Peoples Programme (1700 chars)
  [904/1009] Enriched Kalpavriksh (2000 chars)
  [905/1009] Enriched Endorser:Africans Rising (1423 chars)
  [906/1009] Enriched Endorser:Global Diversity Foundation (1977 chars)
  [907/1009] Enriched Endorser:The Alternatives Project (1416 chars)
  [908/1009] Enriched Endorser:Indigenous Environmental Network (1717 chars)
  [909/1009] Enriched Place-based, Earth-centred governance in Australia (2000 chars)
  [910/1009] Enriched CEECCNA Collaborative Fund (now Dalan Fund) (2000 chars)
  [911/1009] Enriched Cooperation Jackson (2000 chars)
  [912/1009] Enriched Endorser:Women4Biodiversity (867 chars)
  [913/1009] Enriched Endorser:Great Transition Initiative (2000 chars)
  [914/1009] Enriched Endorser:Focus on the Global South (1794 chars)
  [915/1009] Enriched Endorser:Solidarity Research Center (2000 chars)
  [916/1009] Enriched Endorser:Socialist Workers and Youth League (1035 chars)
  [917/1009] Enriched Endorser:The Emergence Network (781 chars)
  [918/1009] Enriched Endorser:Grassroots to Global (863 chars)
  [919/1009] Enriched Transition Town Jericho (2000 chars)
  [920/1009] Enriched Hin Lad Nai (2000 chars)
  [921/1009] Enriched Barwon Heads Community Arts Garden- Sustainability (2000 chars)
  [922/1009] Enriched Nachbarschaftshilfe Immenstadt/Oberallgäu (2000 chars)
  [923/1009] Enriched Horsham (2000 chars)
  [924/1009] Enriched think.dk (2000 chars)
  [925/1009] Enriched Ecovillage Finder (2000 chars)
  [926/1009] Enriched Transition Framingham (2000 chars)
  [927/1009] Enriched Sustainable Bayswater (2000 chars)
  [928/1009] Enriched Kyneton Transition Hub (2000 chars)
  [929/1009] Enriched Aldeia das Amoreiras Sustentável (2000 chars)
  [930/1009] Enriched Intern. Begegnung in Gemeinschaftsdiensten e.V. (2000 chars)
  [931/1009] Enriched Bentley Urban Farm (2000 chars)
  [932/1009] Enriched Rosa Zukunft (2000 chars)
  [933/1009] Enriched Pferde bewegen Menschen e.V. (2000 chars)
  [934/1009] Enriched Haslemere (2000 chars)
  [935/1009] Enriched Ernährungssouverän - Permakultur-Design auf kleins (2000 chars)
  [936/1009] Enriched El Equimite (2000 chars)
  [937/1009] Enriched Samen des Wandels - Permakultur- und Mitweltbildun (2000 chars)
  [938/1009] Enriched netzwerknatur-permakultur (2000 chars)
  [939/1009] Enriched Silent Rixdorf Garten (2000 chars)
  [940/1009] Enriched Begegnungsgarten am Rehbrunnen (294 chars)
  [941/1009] Enriched Marbacher Mitmachgarten (2000 chars)
  [942/1009] Enriched Eco Hacker Farm Kuckucksmühle (2000 chars)
  [943/1009] Enriched Land of the Sky (2000 chars)
  [944/1009] Enriched Älvbyarna i Östra Korsholm rf/ Itäisen Mustasaaren (2000 chars)
  [945/1009] Enriched Totnes (2000 chars)
  [946/1009] Skipped JugendUmweltPark
  [947/1009] Enriched Famalicão em Transição (2000 chars)
  [948/1009] Enriched SwanseaCAN (Climate Action Network) (2000 chars)
  [949/1009] Enriched Eko Centar Latinovac (2000 chars)
  [950/1009] Enriched Ludlow 21 (2000 chars)
  [951/1009] Enriched Just Transition Wakefield (2000 chars)
  [952/1009] Enriched Vermehrungsgarten (2000 chars)
  [953/1009] Skipped Hof Sonnenwald für regenerative Agrikultur
  [954/1009] Enriched Minami-aso (2000 chars)
  [955/1009] Enriched Sustainable Delaware Ohio (2000 chars)
  [956/1009] Enriched Albacete en Transición (2000 chars)
  [957/1009] Enriched Demeter Ba-Wü Verein für biodynamisches Gärtnern (2000 chars)
  [958/1009] Enriched Ernährungsrat StadtRegion Stuttgart e.V. (2000 chars)
  [959/1009] Enriched Átalakuló Wekerle – Transition Wekerle (2000 chars)
  [960/1009] Enriched Barcelona en Transició (2000 chars)
  [961/1009] Enriched Biellese in Transizione (2000 chars)
  [962/1009] Enriched Eco-Comunidades na Planície (2000 chars)
  [963/1009] Skipped Lüneburg im Wandel // Transition Lüneburg
  [964/1009] Enriched Cardedeu en Transició (2000 chars)
  [965/1009] Enriched Challenge Lab (2000 chars)
  [966/1009] Enriched Le Centre d’Ailleurs (2000 chars)
  [967/1009] Enriched Greenslate Community Farm (460 chars)
  [968/1009] Enriched People into Permaculture (2000 chars)
  [969/1009] Enriched Fordhall Community Land Initiative (Fordhall Farm) (2000 chars)
  [970/1009] Enriched Sampford Peverell Community Land Trust (2000 chars)
  [971/1009] Enriched Carol Street Housing Co-operative (234 chars)
  [972/1009] Enriched ECCOVILA (2000 chars)
  [973/1009] Enriched ferme de la plagne (2000 chars)
  [974/1009] Enriched Association Perm'api (2000 chars)
  [975/1009] Enriched Liens enseignements sens et autonomie (2000 chars)
  [976/1009] Enriched Alôsnys-Par Nature (2000 chars)
  [977/1009] Enriched AMAP des Coquelicots (2000 chars)
  [978/1009] Enriched Sandrine et René JACQUET (1863 chars)
  [979/1009] Enriched Association l'Ail des Ours (2000 chars)
  [980/1009] Enriched permaculture sans frontière (2000 chars)
  [981/1009] Enriched Les Abbesses de Gagny-Chelles (2000 chars)
  [982/1009] Skipped O U R Eco Village
  [983/1009] Skipped "American Refugee Community" ARC
  [984/1009] Skipped 560 Art Collective
  [985/1009] Skipped A Watership Up
  [986/1009] Skipped A__ Rogue River Eco Village Destination Resort
  [987/1009] Skipped A.N.D Ecovillge
  [988/1009] Skipped Akron cohousing
  [989/1009] Skipped Alegre
  [990/1009] Skipped Allegheny Crest Transformational Intentional Villa
  [991/1009] Skipped Edinburgh Student Housing Co-Operative
  [992/1009] Skipped Seed of Life Essene Temple Center
  [993/1009] Skipped Soandro
  [994/1009] Skipped Someplace Other
  [995/1009] Skipped Sovereign Tree
  [996/1009] Skipped Spokane Cohousing
  [997/1009] Skipped St. Martin de Porres Catholic Worker
  [998/1009] Skipped Struggle Mountain
  [999/1009] Skipped Sunburst Farm LLC + Sunburst Community LLC
  [1000/1009] Skipped The Divine Current Community
  [1001/1009] Skipped The E Street Attachment Community
  [1002/1009] Skipped The Gaia Sanctuary
  [1003/1009] Skipped The Reunited Society of Believers, or the Second S
  [1004/1009] Skipped The Siwash Kids
  [1005/1009] Enriched Malé'Va (2000 chars)
  [1006/1009] Enriched Ferme pédagogique permabocage (2000 chars)
  [1007/1009] Enriched Jardins Mariposa (2000 chars)
  [1008/1009] Enriched Jardin partagé 'Les Coccinelles" (2000 chars)
  [1009/1009] Enriched Stories of Hope (2000 chars)
Wrote D1 upsert SQL to /home/user/volunteer-map/d1-organizations-enriched.sql (1113 rows)

Done. Enriched: 485  Skipped: 627  Errors: 0
